<?xml version="1.0" encoding="UTF-8"?>
<!-- Generated by org.testng.reporters.JUnitReportReporter -->
<testsuite hostname="DESKTOP-H2R85IM" failures="0" tests="5" name="adactin_runner.RunTestng" time="18.105" errors="0" timestamp="2025-04-07T20:58:52 IST" skipped="0">
  <testcase classname="adactin_runner.RunTestng" name="url" time="2.828"/>
  <system-out/>
  <testcase classname="adactin_runner.RunTestng" name="browserLaunch" time="14.330"/>
  <system-out/>
  <testcase classname="adactin_runner.RunTestng" name="userName" time="0.282"/>
  <system-out/>
  <testcase classname="adactin_runner.RunTestng" name="password" time="0.155"/>
  <system-out/>
  <testcase classname="adactin_runner.RunTestng" name="login" time="0.510"/>
  <system-out/>
</testsuite> <!-- adactin_runner.RunTestng -->
