<?xml version="1.0" encoding="UTF-8"?>
<!-- Generated by org.testng.reporters.JUnitXMLReporter -->
<testsuite ignored="3" hostname="DESKTOP-H2R85IM" failures="0" tests="2" name="Test" time="13.173" errors="0" timestamp="2025-02-07T15:36:51 IST">
  <testcase classname="adactin_runner.RunTestng" name="browserLaunch" time="7.549"/>
  <testcase classname="adactin_runner.RunTestng" name="url" time="5.574"/>
  <testcase classname="adactin_runner.RunTestng" name="password" time="0.0">
    <ignored/>
  </testcase> <!-- password -->
  <testcase classname="adactin_runner.RunTestng" name="userName" time="0.0">
    <ignored/>
  </testcase> <!-- userName -->
  <testcase classname="adactin_runner.RunTestng" name="login" time="0.0">
    <ignored/>
  </testcase> <!-- login -->
</testsuite> <!-- Test -->
