<?xml version="1.0" encoding="UTF-8"?>
<!-- Generated by org.testng.reporters.JUnitXMLReporter -->
<testsuite ignored="0" hostname="DESKTOP-H2R85IM" failures="0" tests="5" name="Default test" time="18.235" errors="0" timestamp="2025-04-07T20:58:52 IST">
  <testcase classname="adactin_runner.RunTestng" name="browserLaunch" time="14.33"/>
  <testcase classname="adactin_runner.RunTestng" name="url" time="2.828"/>
  <testcase classname="adactin_runner.RunTestng" name="userName" time="0.282"/>
  <testcase classname="adactin_runner.RunTestng" name="password" time="0.155"/>
  <testcase classname="adactin_runner.RunTestng" name="login" time="0.51"/>
</testsuite> <!-- Default test -->
