<?xml version="1.0" encoding="UTF-8"?>
<testng-results ignored="0" total="5" passed="5" failed="0" skipped="0">
  <reporter-output>
  </reporter-output>
  <suite started-at="2025-04-07T20:58:34 IST" name="Default suite" finished-at="2025-04-07T20:58:52 IST" duration-ms="18235">
    <groups>
      <group name="smoketest">
        <method signature="RunTestng.browserLaunch()[pri:0, instance:adactin_runner.RunTestng@8dbdac1]" name="browserLaunch" class="adactin_runner.RunTestng"/>
        <method signature="RunTestng.url()[pri:0, instance:adactin_runner.RunTestng@8dbdac1]" name="url" class="adactin_runner.RunTestng"/>
      </group> <!-- smoketest -->
    </groups>
    <test started-at="2025-04-07T20:58:34 IST" name="Default test" finished-at="2025-04-07T20:58:52 IST" duration-ms="18235">
      <class name="adactin_runner.RunTestng">
        <test-method signature="browserLaunch()[pri:0, instance:adactin_runner.RunTestng@8dbdac1]" started-at="2025-04-07T20:58:34 IST" name="browserLaunch" finished-at="2025-04-07T20:58:48 IST" duration-ms="14330" status="PASS">
          <reporter-output>
          </reporter-output>
        </test-method> <!-- browserLaunch -->
        <test-method signature="url()[pri:0, instance:adactin_runner.RunTestng@8dbdac1]" started-at="2025-04-07T20:58:48 IST" name="url" finished-at="2025-04-07T20:58:51 IST" duration-ms="2828" status="PASS">
          <reporter-output>
          </reporter-output>
        </test-method> <!-- url -->
        <test-method signature="userName()[pri:1, instance:adactin_runner.RunTestng@8dbdac1]" started-at="2025-04-07T20:58:51 IST" name="userName" finished-at="2025-04-07T20:58:51 IST" duration-ms="282" status="PASS">
          <reporter-output>
          </reporter-output>
        </test-method> <!-- userName -->
        <test-method signature="password()[pri:2, instance:adactin_runner.RunTestng@8dbdac1]" started-at="2025-04-07T20:58:51 IST" name="password" finished-at="2025-04-07T20:58:51 IST" duration-ms="155" status="PASS">
          <reporter-output>
          </reporter-output>
        </test-method> <!-- password -->
        <test-method signature="login()[pri:3, instance:adactin_runner.RunTestng@8dbdac1]" started-at="2025-04-07T20:58:51 IST" name="login" finished-at="2025-04-07T20:58:52 IST" duration-ms="510" status="PASS">
          <reporter-output>
          </reporter-output>
        </test-method> <!-- login -->
      </class> <!-- adactin_runner.RunTestng -->
    </test> <!-- Default test -->
  </suite> <!-- Default suite -->
</testng-results>
